21:01:26:038  INFO 17584 --- [main] com.robot.cart.CartServiceApplication    : Starting CartServiceApplication using Java 17.0.11 on DESKTOP-PRVFU29 with PID 17584 (D:\work\learning\DistributedCase\cart-service\target\classes started by Administrator in D:\work\learning\DistributedCase)
21:01:26:042  INFO 17584 --- [main] com.robot.cart.CartServiceApplication    : The following 1 profile is active: "dev"
21:01:26:574  INFO 17584 --- [main] o.s.cloud.context.scope.GenericScope     : BeanFactory id=d878991e-1067-3479-a541-af80b19cf9af
21:01:26:855  INFO 17584 --- [main] o.s.b.w.embedded.tomcat.TomcatWebServer  : Tomcat initialized with port(s): 8082 (http)
21:01:26:861  INFO 17584 --- [main] o.apache.catalina.core.StandardService   : Starting service [Tomcat]
21:01:26:861  INFO 17584 --- [main] org.apache.catalina.core.StandardEngine  : Starting Servlet engine: [Apache Tomcat/9.0.75]
21:01:26:937  INFO 17584 --- [main] o.a.c.c.C.[Tomcat].[localhost].[/]       : Initializing Spring embedded WebApplicationContext
21:01:26:937  INFO 17584 --- [main] w.s.c.ServletWebServerApplicationContext : Root WebApplicationContext: initialization completed in 861 ms
21:01:27:092  INFO 17584 --- [main] o.s.c.openfeign.FeignClientFactoryBean   : For 'item-service' URL not provided. Will try picking an instance via load-balancing.
21:01:28:058  INFO 17584 --- [main] com.alibaba.nacos.common.remote.client   : [RpcClientFactory] create a new rpc client of 93fe57ef-18c1-439c-8c38-ec4f9e311f8b
21:01:28:094  INFO 17584 --- [main] org.reflections.Reflections              : Reflections took 16 ms to scan 1 urls, producing 3 keys and 6 values 
21:01:28:109  INFO 17584 --- [main] org.reflections.Reflections              : Reflections took 4 ms to scan 1 urls, producing 4 keys and 9 values 
21:01:28:115  INFO 17584 --- [main] org.reflections.Reflections              : Reflections took 4 ms to scan 1 urls, producing 3 keys and 10 values 
21:01:28:116  WARN 17584 --- [main] org.reflections.Reflections              : given scan urls are empty. set urls in the configuration
21:01:28:119  INFO 17584 --- [main] org.reflections.Reflections              : Reflections took 3 ms to scan 1 urls, producing 1 keys and 5 values 
21:01:28:128  INFO 17584 --- [main] org.reflections.Reflections              : Reflections took 8 ms to scan 1 urls, producing 1 keys and 7 values 
21:01:28:142  INFO 17584 --- [main] org.reflections.Reflections              : Reflections took 12 ms to scan 1 urls, producing 2 keys and 8 values 
21:01:28:144  WARN 17584 --- [main] org.reflections.Reflections              : given scan urls are empty. set urls in the configuration
21:01:28:145  INFO 17584 --- [main] com.alibaba.nacos.common.remote.client   : [93fe57ef-18c1-439c-8c38-ec4f9e311f8b] RpcClient init label, labels = {module=naming, source=sdk}
21:01:28:146  INFO 17584 --- [main] com.alibaba.nacos.common.remote.client   : [93fe57ef-18c1-439c-8c38-ec4f9e311f8b] RpcClient init, ServerListFactory = com.alibaba.nacos.client.naming.core.ServerListManager
21:01:28:146  INFO 17584 --- [main] com.alibaba.nacos.common.remote.client   : [93fe57ef-18c1-439c-8c38-ec4f9e311f8b] Registry connection listener to current client:com.alibaba.nacos.client.naming.remote.gprc.redo.NamingGrpcRedoService
21:01:28:147  INFO 17584 --- [main] com.alibaba.nacos.common.remote.client   : [93fe57ef-18c1-439c-8c38-ec4f9e311f8b] Register server push request handler:com.alibaba.nacos.client.naming.remote.gprc.NamingPushRequestHandler
21:01:28:148  INFO 17584 --- [main] com.alibaba.nacos.common.remote.client   : [93fe57ef-18c1-439c-8c38-ec4f9e311f8b] Try to connect to server on start up, server: {serverIp = '127.0.0.1', server main port = 8848}
21:01:28:833  INFO 17584 --- [main] com.alibaba.nacos.common.remote.client   : [93fe57ef-18c1-439c-8c38-ec4f9e311f8b] Success to connect to server [127.0.0.1:8848] on start up, connectionId = 1720530088665_172.17.0.1_51086
21:01:28:833  INFO 17584 --- [com.alibaba.nacos.client.remote.worker] com.alibaba.nacos.common.remote.client   : [93fe57ef-18c1-439c-8c38-ec4f9e311f8b] Notify connected event to listeners.
21:01:28:833  INFO 17584 --- [main] com.alibaba.nacos.common.remote.client   : [93fe57ef-18c1-439c-8c38-ec4f9e311f8b] Register server push request handler:com.alibaba.nacos.common.remote.client.RpcClient$ConnectResetRequestHandler
21:01:28:833  INFO 17584 --- [main] com.alibaba.nacos.common.remote.client   : [93fe57ef-18c1-439c-8c38-ec4f9e311f8b] Register server push request handler:com.alibaba.nacos.common.remote.client.RpcClient$$Lambda$1013/0x0000027a8178fb98
21:01:28:861  INFO 17584 --- [main] o.s.b.w.embedded.tomcat.TomcatWebServer  : Tomcat started on port(s): 8082 (http) with context path ''
21:01:28:870  INFO 17584 --- [main] c.a.c.n.registry.NacosServiceRegistry    : nacos registry, DEFAULT_GROUP cart-service 192.168.3.38:8082 register finished
21:01:28:986  INFO 17584 --- [main] com.robot.cart.CartServiceApplication    : Started CartServiceApplication in 3.434 seconds (JVM running for 3.865)
21:01:29:387  INFO 17584 --- [nacos-grpc-client-executor-11] com.alibaba.nacos.common.remote.client   : [93fe57ef-18c1-439c-8c38-ec4f9e311f8b] Receive server push request, request = NotifySubscriberRequest, requestId = 2
21:01:29:389  INFO 17584 --- [nacos-grpc-client-executor-11] com.alibaba.nacos.common.remote.client   : [93fe57ef-18c1-439c-8c38-ec4f9e311f8b] Ack server push request, request = NotifySubscriberRequest, requestId = 2
21:04:03:494  WARN 17584 --- [Thread-7] c.a.n.common.http.HttpClientBeanHolder   : [HttpClientBeanHolder] Start destroying common HttpClient
21:04:03:494  WARN 17584 --- [Thread-4] c.a.nacos.common.notify.NotifyCenter     : [NotifyCenter] Start destroying Publisher
21:04:03:494  WARN 17584 --- [Thread-4] c.a.nacos.common.notify.NotifyCenter     : [NotifyCenter] Destruction of the end
21:04:03:495  WARN 17584 --- [Thread-7] c.a.n.common.http.HttpClientBeanHolder   : [HttpClientBeanHolder] Destruction of the end
21:04:03:516  INFO 17584 --- [SpringApplicationShutdownHook] c.a.c.n.registry.NacosServiceRegistry    : De-registering from Nacos Server now...
21:04:03:520  INFO 17584 --- [SpringApplicationShutdownHook] c.a.c.n.registry.NacosServiceRegistry    : De-registration finished.
21:04:03:843  INFO 17584 --- [SpringApplicationShutdownHook] com.alibaba.nacos.common.remote.client   : Shutdown rpc client, set status to shutdown
21:04:03:843  INFO 17584 --- [SpringApplicationShutdownHook] com.alibaba.nacos.common.remote.client   : Shutdown client event executor java.util.concurrent.ScheduledThreadPoolExecutor@2dc9d8ac[Running, pool size = 2, active threads = 2, queued tasks = 0, completed tasks = 0]
21:04:03:843  INFO 17584 --- [SpringApplicationShutdownHook] com.alibaba.nacos.common.remote.client   : Close current connection 1720530088665_172.17.0.1_51086
21:04:03:845  INFO 17584 --- [SpringApplicationShutdownHook] c.a.n.c.remote.client.grpc.GrpcClient    : Shutdown grpc executor java.util.concurrent.ThreadPoolExecutor@2276a663[Running, pool size = 5, active threads = 0, queued tasks = 0, completed tasks = 69]
21:04:05:974  INFO 24836 --- [main] com.robot.cart.CartServiceApplication    : Starting CartServiceApplication using Java 17.0.11 on DESKTOP-PRVFU29 with PID 24836 (D:\work\learning\DistributedCase\cart-service\target\classes started by Administrator in D:\work\learning\DistributedCase)
21:04:05:976  INFO 24836 --- [main] com.robot.cart.CartServiceApplication    : The following 1 profile is active: "dev"
21:04:06:430  INFO 24836 --- [main] o.s.cloud.context.scope.GenericScope     : BeanFactory id=d878991e-1067-3479-a541-af80b19cf9af
21:04:06:662  INFO 24836 --- [main] o.s.b.w.embedded.tomcat.TomcatWebServer  : Tomcat initialized with port(s): 8082 (http)
21:04:06:667  INFO 24836 --- [main] o.apache.catalina.core.StandardService   : Starting service [Tomcat]
21:04:06:667  INFO 24836 --- [main] org.apache.catalina.core.StandardEngine  : Starting Servlet engine: [Apache Tomcat/9.0.75]
21:04:06:730  INFO 24836 --- [main] o.a.c.c.C.[Tomcat].[localhost].[/]       : Initializing Spring embedded WebApplicationContext
21:04:06:730  INFO 24836 --- [main] w.s.c.ServletWebServerApplicationContext : Root WebApplicationContext: initialization completed in 728 ms
21:04:06:826  INFO 24836 --- [main] o.s.c.openfeign.FeignClientFactoryBean   : For 'item-service' URL not provided. Will try picking an instance via load-balancing.
21:04:07:585  INFO 24836 --- [main] com.alibaba.nacos.common.remote.client   : [RpcClientFactory] create a new rpc client of be2c5b9f-1f1f-42ac-a103-b9e33d3573ba
21:04:07:616  INFO 24836 --- [main] org.reflections.Reflections              : Reflections took 15 ms to scan 1 urls, producing 3 keys and 6 values 
21:04:07:628  INFO 24836 --- [main] org.reflections.Reflections              : Reflections took 5 ms to scan 1 urls, producing 4 keys and 9 values 
21:04:07:634  INFO 24836 --- [main] org.reflections.Reflections              : Reflections took 4 ms to scan 1 urls, producing 3 keys and 10 values 
21:04:07:635  WARN 24836 --- [main] org.reflections.Reflections              : given scan urls are empty. set urls in the configuration
21:04:07:640  INFO 24836 --- [main] org.reflections.Reflections              : Reflections took 4 ms to scan 1 urls, producing 1 keys and 5 values 
21:04:07:645  INFO 24836 --- [main] org.reflections.Reflections              : Reflections took 5 ms to scan 1 urls, producing 1 keys and 7 values 
21:04:07:650  INFO 24836 --- [main] org.reflections.Reflections              : Reflections took 3 ms to scan 1 urls, producing 2 keys and 8 values 
21:04:07:652  WARN 24836 --- [main] org.reflections.Reflections              : given scan urls are empty. set urls in the configuration
21:04:07:652  INFO 24836 --- [main] com.alibaba.nacos.common.remote.client   : [be2c5b9f-1f1f-42ac-a103-b9e33d3573ba] RpcClient init label, labels = {module=naming, source=sdk}
21:04:07:653  INFO 24836 --- [main] com.alibaba.nacos.common.remote.client   : [be2c5b9f-1f1f-42ac-a103-b9e33d3573ba] RpcClient init, ServerListFactory = com.alibaba.nacos.client.naming.core.ServerListManager
21:04:07:653  INFO 24836 --- [main] com.alibaba.nacos.common.remote.client   : [be2c5b9f-1f1f-42ac-a103-b9e33d3573ba] Registry connection listener to current client:com.alibaba.nacos.client.naming.remote.gprc.redo.NamingGrpcRedoService
21:04:07:653  INFO 24836 --- [main] com.alibaba.nacos.common.remote.client   : [be2c5b9f-1f1f-42ac-a103-b9e33d3573ba] Register server push request handler:com.alibaba.nacos.client.naming.remote.gprc.NamingPushRequestHandler
21:04:07:655  INFO 24836 --- [main] com.alibaba.nacos.common.remote.client   : [be2c5b9f-1f1f-42ac-a103-b9e33d3573ba] Try to connect to server on start up, server: {serverIp = '127.0.0.1', server main port = 8848}
21:04:08:267  INFO 24836 --- [main] com.alibaba.nacos.common.remote.client   : [be2c5b9f-1f1f-42ac-a103-b9e33d3573ba] Success to connect to server [127.0.0.1:8848] on start up, connectionId = 1720530248105_172.17.0.1_52946
21:04:08:267  INFO 24836 --- [com.alibaba.nacos.client.remote.worker] com.alibaba.nacos.common.remote.client   : [be2c5b9f-1f1f-42ac-a103-b9e33d3573ba] Notify connected event to listeners.
21:04:08:267  INFO 24836 --- [main] com.alibaba.nacos.common.remote.client   : [be2c5b9f-1f1f-42ac-a103-b9e33d3573ba] Register server push request handler:com.alibaba.nacos.common.remote.client.RpcClient$ConnectResetRequestHandler
21:04:08:268  INFO 24836 --- [main] com.alibaba.nacos.common.remote.client   : [be2c5b9f-1f1f-42ac-a103-b9e33d3573ba] Register server push request handler:com.alibaba.nacos.common.remote.client.RpcClient$$Lambda$1013/0x000002a0037be150
21:04:08:295  INFO 24836 --- [main] o.s.b.w.embedded.tomcat.TomcatWebServer  : Tomcat started on port(s): 8082 (http) with context path ''
21:04:08:304  INFO 24836 --- [main] c.a.c.n.registry.NacosServiceRegistry    : nacos registry, DEFAULT_GROUP cart-service 192.168.3.38:8082 register finished
21:04:08:414  INFO 24836 --- [main] com.robot.cart.CartServiceApplication    : Started CartServiceApplication in 2.809 seconds (JVM running for 3.107)
21:04:08:862  INFO 24836 --- [nacos-grpc-client-executor-11] com.alibaba.nacos.common.remote.client   : [be2c5b9f-1f1f-42ac-a103-b9e33d3573ba] Receive server push request, request = NotifySubscriberRequest, requestId = 4
21:04:08:864  INFO 24836 --- [nacos-grpc-client-executor-11] com.alibaba.nacos.common.remote.client   : [be2c5b9f-1f1f-42ac-a103-b9e33d3573ba] Ack server push request, request = NotifySubscriberRequest, requestId = 4
21:04:10:716  WARN 24836 --- [Thread-7] c.a.n.common.http.HttpClientBeanHolder   : [HttpClientBeanHolder] Start destroying common HttpClient
21:04:10:716  WARN 24836 --- [Thread-4] c.a.nacos.common.notify.NotifyCenter     : [NotifyCenter] Start destroying Publisher
21:04:10:716  WARN 24836 --- [Thread-4] c.a.nacos.common.notify.NotifyCenter     : [NotifyCenter] Destruction of the end
21:04:10:716  WARN 24836 --- [Thread-7] c.a.n.common.http.HttpClientBeanHolder   : [HttpClientBeanHolder] Destruction of the end
21:04:10:737  INFO 24836 --- [SpringApplicationShutdownHook] c.a.c.n.registry.NacosServiceRegistry    : De-registering from Nacos Server now...
21:04:10:741  INFO 24836 --- [SpringApplicationShutdownHook] c.a.c.n.registry.NacosServiceRegistry    : De-registration finished.
21:04:11:261  INFO 24836 --- [nacos-grpc-client-executor-19] com.alibaba.nacos.common.remote.client   : [be2c5b9f-1f1f-42ac-a103-b9e33d3573ba] Receive server push request, request = NotifySubscriberRequest, requestId = 7
21:04:11:263  INFO 24836 --- [nacos-grpc-client-executor-19] com.alibaba.nacos.common.remote.client   : [be2c5b9f-1f1f-42ac-a103-b9e33d3573ba] Ack server push request, request = NotifySubscriberRequest, requestId = 7
21:04:11:399  INFO 24836 --- [SpringApplicationShutdownHook] com.alibaba.nacos.common.remote.client   : Shutdown rpc client, set status to shutdown
21:04:11:400  INFO 24836 --- [SpringApplicationShutdownHook] com.alibaba.nacos.common.remote.client   : Shutdown client event executor java.util.concurrent.ScheduledThreadPoolExecutor@2e64dfa3[Running, pool size = 2, active threads = 2, queued tasks = 0, completed tasks = 0]
21:04:11:400  INFO 24836 --- [SpringApplicationShutdownHook] com.alibaba.nacos.common.remote.client   : Close current connection 1720530248105_172.17.0.1_52946
21:04:11:405  INFO 24836 --- [SpringApplicationShutdownHook] c.a.n.c.remote.client.grpc.GrpcClient    : Shutdown grpc executor java.util.concurrent.ThreadPoolExecutor@6c0a8015[Running, pool size = 20, active threads = 0, queued tasks = 0, completed tasks = 20]
