21:00:56:018  INFO 12576 --- [main] com.robot.item.ItemServiceApplication    : Starting ItemServiceApplication using Java 17.0.11 on DESKTOP-PRVFU29 with PID 12576 (D:\work\learning\DistributedCase\item-service\target\classes started by Administrator in D:\work\learning\DistributedCase)
21:00:56:019  INFO 12576 --- [main] com.robot.item.ItemServiceApplication    : The following 1 profile is active: "dev"
21:00:56:416  INFO 12576 --- [main] o.s.cloud.context.scope.GenericScope     : BeanFactory id=061298ad-b159-39ae-a586-ccb866fb64d7
21:00:56:706  INFO 12576 --- [main] o.s.b.w.embedded.tomcat.TomcatWebServer  : Tomcat initialized with port(s): 8081 (http)
21:00:56:711  INFO 12576 --- [main] o.apache.catalina.core.StandardService   : Starting service [Tomcat]
21:00:56:711  INFO 12576 --- [main] org.apache.catalina.core.StandardEngine  : Starting Servlet engine: [Apache Tomcat/9.0.75]
21:00:56:763  INFO 12576 --- [main] o.a.c.c.C.[Tomcat].[localhost].[/]       : Initializing Spring embedded WebApplicationContext
21:00:56:763  INFO 12576 --- [main] w.s.c.ServletWebServerApplicationContext : Root WebApplicationContext: initialization completed in 721 ms
21:00:57:329  WARN 12576 --- [main] iguration$LoadBalancerCaffeineWarnLogger : Spring Cloud LoadBalancer is currently working with the default cache. While this cache implementation is useful for development and tests, it's recommended to use Caffeine cache in production.You can switch to using Caffeine cache, by adding it and org.springframework.cache.caffeine.CaffeineCacheManager to the classpath.
21:00:57:389  INFO 12576 --- [main] com.alibaba.nacos.common.remote.client   : [RpcClientFactory] create a new rpc client of 3e08186a-326c-4227-8781-1d7835c7ed1e
21:00:57:419  INFO 12576 --- [main] org.reflections.Reflections              : Reflections took 13 ms to scan 1 urls, producing 3 keys and 6 values 
21:00:57:432  INFO 12576 --- [main] org.reflections.Reflections              : Reflections took 6 ms to scan 1 urls, producing 4 keys and 9 values 
21:00:57:436  INFO 12576 --- [main] org.reflections.Reflections              : Reflections took 3 ms to scan 1 urls, producing 3 keys and 10 values 
21:00:57:437  WARN 12576 --- [main] org.reflections.Reflections              : given scan urls are empty. set urls in the configuration
21:00:57:440  INFO 12576 --- [main] org.reflections.Reflections              : Reflections took 3 ms to scan 1 urls, producing 1 keys and 5 values 
21:00:57:445  INFO 12576 --- [main] org.reflections.Reflections              : Reflections took 4 ms to scan 1 urls, producing 1 keys and 7 values 
21:00:57:449  INFO 12576 --- [main] org.reflections.Reflections              : Reflections took 3 ms to scan 1 urls, producing 2 keys and 8 values 
21:00:57:449  WARN 12576 --- [main] org.reflections.Reflections              : given scan urls are empty. set urls in the configuration
21:00:57:450  INFO 12576 --- [main] com.alibaba.nacos.common.remote.client   : [3e08186a-326c-4227-8781-1d7835c7ed1e] RpcClient init label, labels = {module=naming, source=sdk}
21:00:57:450  INFO 12576 --- [main] com.alibaba.nacos.common.remote.client   : [3e08186a-326c-4227-8781-1d7835c7ed1e] RpcClient init, ServerListFactory = com.alibaba.nacos.client.naming.core.ServerListManager
21:00:57:450  INFO 12576 --- [main] com.alibaba.nacos.common.remote.client   : [3e08186a-326c-4227-8781-1d7835c7ed1e] Registry connection listener to current client:com.alibaba.nacos.client.naming.remote.gprc.redo.NamingGrpcRedoService
21:00:57:450  INFO 12576 --- [main] com.alibaba.nacos.common.remote.client   : [3e08186a-326c-4227-8781-1d7835c7ed1e] Register server push request handler:com.alibaba.nacos.client.naming.remote.gprc.NamingPushRequestHandler
21:00:57:452  INFO 12576 --- [main] com.alibaba.nacos.common.remote.client   : [3e08186a-326c-4227-8781-1d7835c7ed1e] Try to connect to server on start up, server: {serverIp = '127.0.0.1', server main port = 8848}
21:00:58:062  INFO 12576 --- [main] com.alibaba.nacos.common.remote.client   : [3e08186a-326c-4227-8781-1d7835c7ed1e] Success to connect to server [127.0.0.1:8848] on start up, connectionId = 1720443657888_172.17.0.1_57596
21:00:58:062  INFO 12576 --- [com.alibaba.nacos.client.remote.worker] com.alibaba.nacos.common.remote.client   : [3e08186a-326c-4227-8781-1d7835c7ed1e] Notify connected event to listeners.
21:00:58:062  INFO 12576 --- [main] com.alibaba.nacos.common.remote.client   : [3e08186a-326c-4227-8781-1d7835c7ed1e] Register server push request handler:com.alibaba.nacos.common.remote.client.RpcClient$ConnectResetRequestHandler
21:00:58:063  INFO 12576 --- [main] com.alibaba.nacos.common.remote.client   : [3e08186a-326c-4227-8781-1d7835c7ed1e] Register server push request handler:com.alibaba.nacos.common.remote.client.RpcClient$$Lambda$951/0x000001c6816a5448
21:00:58:133  INFO 12576 --- [main] o.s.b.w.embedded.tomcat.TomcatWebServer  : Tomcat started on port(s): 8081 (http) with context path ''
21:00:58:143  INFO 12576 --- [main] c.a.c.n.registry.NacosServiceRegistry    : nacos registry, DEFAULT_GROUP common 192.168.3.38:8081 register finished
21:00:58:239  INFO 12576 --- [main] com.robot.item.ItemServiceApplication    : Started ItemServiceApplication in 2.596 seconds (JVM running for 2.905)
21:00:58:656  INFO 12576 --- [nacos-grpc-client-executor-8] com.alibaba.nacos.common.remote.client   : [3e08186a-326c-4227-8781-1d7835c7ed1e] Receive server push request, request = NotifySubscriberRequest, requestId = 1
21:00:58:658  INFO 12576 --- [nacos-grpc-client-executor-8] com.alibaba.nacos.common.remote.client   : [3e08186a-326c-4227-8781-1d7835c7ed1e] Ack server push request, request = NotifySubscriberRequest, requestId = 1
21:05:18:323  INFO 31648 --- [main] com.robot.cart.CartServiceApplication    : Starting CartServiceApplication using Java 17.0.11 on DESKTOP-PRVFU29 with PID 31648 (D:\work\learning\DistributedCase\cart-service\target\classes started by Administrator in D:\work\learning\DistributedCase)
21:05:18:325  INFO 31648 --- [main] com.robot.cart.CartServiceApplication    : The following 1 profile is active: "dev"
21:05:18:697  INFO 31648 --- [main] o.s.cloud.context.scope.GenericScope     : BeanFactory id=866c4c0a-6d51-3d23-a24e-b345e10c57d7
21:05:18:965  INFO 31648 --- [main] o.s.b.w.embedded.tomcat.TomcatWebServer  : Tomcat initialized with port(s): 8082 (http)
21:05:18:970  INFO 31648 --- [main] o.apache.catalina.core.StandardService   : Starting service [Tomcat]
21:05:18:970  INFO 31648 --- [main] org.apache.catalina.core.StandardEngine  : Starting Servlet engine: [Apache Tomcat/9.0.75]
21:05:19:040  INFO 31648 --- [main] o.a.c.c.C.[Tomcat].[localhost].[/]       : Initializing Spring embedded WebApplicationContext
21:05:19:040  INFO 31648 --- [main] w.s.c.ServletWebServerApplicationContext : Root WebApplicationContext: initialization completed in 683 ms
21:05:19:145  INFO 31648 --- [main] o.s.c.openfeign.FeignClientFactoryBean   : For 'item-service' URL not provided. Will try picking an instance via load-balancing.
21:05:19:721  WARN 31648 --- [main] iguration$LoadBalancerCaffeineWarnLogger : Spring Cloud LoadBalancer is currently working with the default cache. While this cache implementation is useful for development and tests, it's recommended to use Caffeine cache in production.You can switch to using Caffeine cache, by adding it and org.springframework.cache.caffeine.CaffeineCacheManager to the classpath.
21:05:19:768  INFO 31648 --- [main] com.alibaba.nacos.common.remote.client   : [RpcClientFactory] create a new rpc client of 9f368be3-a0a6-453a-94d1-8c824c815d2f
21:05:19:793  INFO 31648 --- [main] org.reflections.Reflections              : Reflections took 14 ms to scan 1 urls, producing 3 keys and 6 values 
21:05:19:803  INFO 31648 --- [main] org.reflections.Reflections              : Reflections took 4 ms to scan 1 urls, producing 4 keys and 9 values 
21:05:19:808  INFO 31648 --- [main] org.reflections.Reflections              : Reflections took 4 ms to scan 1 urls, producing 3 keys and 10 values 
21:05:19:808  WARN 31648 --- [main] org.reflections.Reflections              : given scan urls are empty. set urls in the configuration
21:05:19:812  INFO 31648 --- [main] org.reflections.Reflections              : Reflections took 3 ms to scan 1 urls, producing 1 keys and 5 values 
21:05:19:820  INFO 31648 --- [main] org.reflections.Reflections              : Reflections took 7 ms to scan 1 urls, producing 1 keys and 7 values 
21:05:19:825  INFO 31648 --- [main] org.reflections.Reflections              : Reflections took 4 ms to scan 1 urls, producing 2 keys and 8 values 
21:05:19:826  WARN 31648 --- [main] org.reflections.Reflections              : given scan urls are empty. set urls in the configuration
21:05:19:826  INFO 31648 --- [main] com.alibaba.nacos.common.remote.client   : [9f368be3-a0a6-453a-94d1-8c824c815d2f] RpcClient init label, labels = {module=naming, source=sdk}
21:05:19:827  INFO 31648 --- [main] com.alibaba.nacos.common.remote.client   : [9f368be3-a0a6-453a-94d1-8c824c815d2f] RpcClient init, ServerListFactory = com.alibaba.nacos.client.naming.core.ServerListManager
21:05:19:827  INFO 31648 --- [main] com.alibaba.nacos.common.remote.client   : [9f368be3-a0a6-453a-94d1-8c824c815d2f] Registry connection listener to current client:com.alibaba.nacos.client.naming.remote.gprc.redo.NamingGrpcRedoService
21:05:19:827  INFO 31648 --- [main] com.alibaba.nacos.common.remote.client   : [9f368be3-a0a6-453a-94d1-8c824c815d2f] Register server push request handler:com.alibaba.nacos.client.naming.remote.gprc.NamingPushRequestHandler
21:05:19:828  INFO 31648 --- [main] com.alibaba.nacos.common.remote.client   : [9f368be3-a0a6-453a-94d1-8c824c815d2f] Try to connect to server on start up, server: {serverIp = '127.0.0.1', server main port = 8848}
21:05:20:362  INFO 31648 --- [main] com.alibaba.nacos.common.remote.client   : [9f368be3-a0a6-453a-94d1-8c824c815d2f] Success to connect to server [127.0.0.1:8848] on start up, connectionId = 1720443920208_172.17.0.1_53520
21:05:20:362  INFO 31648 --- [com.alibaba.nacos.client.remote.worker] com.alibaba.nacos.common.remote.client   : [9f368be3-a0a6-453a-94d1-8c824c815d2f] Notify connected event to listeners.
21:05:20:362  INFO 31648 --- [main] com.alibaba.nacos.common.remote.client   : [9f368be3-a0a6-453a-94d1-8c824c815d2f] Register server push request handler:com.alibaba.nacos.common.remote.client.RpcClient$ConnectResetRequestHandler
21:05:20:363  INFO 31648 --- [main] com.alibaba.nacos.common.remote.client   : [9f368be3-a0a6-453a-94d1-8c824c815d2f] Register server push request handler:com.alibaba.nacos.common.remote.client.RpcClient$$Lambda$992/0x00000277176c1ed8
21:05:20:414  INFO 31648 --- [main] o.s.b.w.embedded.tomcat.TomcatWebServer  : Tomcat started on port(s): 8082 (http) with context path ''
21:05:20:422  INFO 31648 --- [main] c.a.c.n.registry.NacosServiceRegistry    : nacos registry, DEFAULT_GROUP common 192.168.3.38:8082 register finished
21:05:20:517  INFO 31648 --- [main] com.robot.cart.CartServiceApplication    : Started CartServiceApplication in 2.541 seconds (JVM running for 2.822)
21:05:20:902  INFO 12576 --- [nacos-grpc-client-executor-76] com.alibaba.nacos.common.remote.client   : [3e08186a-326c-4227-8781-1d7835c7ed1e] Receive server push request, request = NotifySubscriberRequest, requestId = 3
21:05:20:908  INFO 31648 --- [nacos-grpc-client-executor-9] com.alibaba.nacos.common.remote.client   : [9f368be3-a0a6-453a-94d1-8c824c815d2f] Receive server push request, request = NotifySubscriberRequest, requestId = 2
21:05:20:914  INFO 12576 --- [nacos-grpc-client-executor-76] com.alibaba.nacos.common.remote.client   : [3e08186a-326c-4227-8781-1d7835c7ed1e] Ack server push request, request = NotifySubscriberRequest, requestId = 3
21:05:20:915  INFO 31648 --- [nacos-grpc-client-executor-9] com.alibaba.nacos.common.remote.client   : [9f368be3-a0a6-453a-94d1-8c824c815d2f] Ack server push request, request = NotifySubscriberRequest, requestId = 2
21:07:31:320  WARN 31648 --- [Thread-7] c.a.n.common.http.HttpClientBeanHolder   : [HttpClientBeanHolder] Start destroying common HttpClient
21:07:31:320  WARN 31648 --- [Thread-4] c.a.nacos.common.notify.NotifyCenter     : [NotifyCenter] Start destroying Publisher
21:07:31:321  WARN 31648 --- [Thread-4] c.a.nacos.common.notify.NotifyCenter     : [NotifyCenter] Destruction of the end
21:07:31:321  WARN 31648 --- [Thread-7] c.a.n.common.http.HttpClientBeanHolder   : [HttpClientBeanHolder] Destruction of the end
21:07:31:345  INFO 31648 --- [SpringApplicationShutdownHook] c.a.c.n.registry.NacosServiceRegistry    : De-registering from Nacos Server now...
21:07:31:349  INFO 31648 --- [SpringApplicationShutdownHook] c.a.c.n.registry.NacosServiceRegistry    : De-registration finished.
21:07:31:677  INFO 31648 --- [SpringApplicationShutdownHook] com.alibaba.nacos.common.remote.client   : Shutdown rpc client, set status to shutdown
21:07:31:677  INFO 31648 --- [SpringApplicationShutdownHook] com.alibaba.nacos.common.remote.client   : Shutdown client event executor java.util.concurrent.ScheduledThreadPoolExecutor@11bd61ec[Running, pool size = 2, active threads = 2, queued tasks = 0, completed tasks = 0]
21:07:31:677  INFO 31648 --- [SpringApplicationShutdownHook] com.alibaba.nacos.common.remote.client   : Close current connection 1720443920208_172.17.0.1_53520
21:07:31:679  INFO 31648 --- [nacos-grpc-client-executor-44] c.a.n.c.remote.client.grpc.GrpcClient    : [1720443920208_172.17.0.1_53520]Ignore complete event,isRunning:false,isAbandon=false
21:07:31:680  INFO 31648 --- [SpringApplicationShutdownHook] c.a.n.c.remote.client.grpc.GrpcClient    : Shutdown grpc executor java.util.concurrent.ThreadPoolExecutor@7c37c448[Running, pool size = 4, active threads = 0, queued tasks = 0, completed tasks = 45]
21:07:31:932  INFO 12576 --- [nacos-grpc-client-executor-105] com.alibaba.nacos.common.remote.client   : [3e08186a-326c-4227-8781-1d7835c7ed1e] Receive server push request, request = NotifySubscriberRequest, requestId = 4
21:07:31:936  INFO 12576 --- [nacos-grpc-client-executor-105] com.alibaba.nacos.common.remote.client   : [3e08186a-326c-4227-8781-1d7835c7ed1e] Ack server push request, request = NotifySubscriberRequest, requestId = 4
21:07:33:527  WARN 12576 --- [Thread-7] c.a.n.common.http.HttpClientBeanHolder   : [HttpClientBeanHolder] Start destroying common HttpClient
21:07:33:527  WARN 12576 --- [Thread-4] c.a.nacos.common.notify.NotifyCenter     : [NotifyCenter] Start destroying Publisher
21:07:33:528  WARN 12576 --- [Thread-4] c.a.nacos.common.notify.NotifyCenter     : [NotifyCenter] Destruction of the end
21:07:33:528  WARN 12576 --- [Thread-7] c.a.n.common.http.HttpClientBeanHolder   : [HttpClientBeanHolder] Destruction of the end
21:07:33:551  INFO 12576 --- [SpringApplicationShutdownHook] c.a.c.n.registry.NacosServiceRegistry    : De-registering from Nacos Server now...
21:07:33:555  INFO 12576 --- [SpringApplicationShutdownHook] c.a.c.n.registry.NacosServiceRegistry    : De-registration finished.
21:07:33:878  INFO 12576 --- [SpringApplicationShutdownHook] com.alibaba.nacos.common.remote.client   : Shutdown rpc client, set status to shutdown
21:07:33:878  INFO 12576 --- [SpringApplicationShutdownHook] com.alibaba.nacos.common.remote.client   : Shutdown client event executor java.util.concurrent.ScheduledThreadPoolExecutor@1693edb2[Running, pool size = 2, active threads = 2, queued tasks = 0, completed tasks = 0]
21:07:33:878  INFO 12576 --- [SpringApplicationShutdownHook] com.alibaba.nacos.common.remote.client   : Close current connection 1720443657888_172.17.0.1_57596
21:07:33:880  INFO 12576 --- [SpringApplicationShutdownHook] c.a.n.c.remote.client.grpc.GrpcClient    : Shutdown grpc executor java.util.concurrent.ThreadPoolExecutor@72d321bb[Running, pool size = 4, active threads = 0, queued tasks = 0, completed tasks = 108]
22:18:03:549  INFO 31764 --- [main] com.robot.item.ItemServiceApplication    : Starting ItemServiceApplication using Java 17.0.11 on DESKTOP-PRVFU29 with PID 31764 (D:\work\learning\DistributedCase\item-service\target\classes started by Administrator in D:\work\learning\DistributedCase)
22:18:03:550  INFO 31764 --- [main] com.robot.item.ItemServiceApplication    : The following 1 profile is active: "dev"
22:18:03:923  INFO 31764 --- [main] o.s.cloud.context.scope.GenericScope     : BeanFactory id=51e2c3e1-0012-3fe0-a793-2ec81d49167b
22:18:04:118  INFO 31764 --- [main] o.s.b.w.embedded.tomcat.TomcatWebServer  : Tomcat initialized with port(s): 8081 (http)
22:18:04:123  INFO 31764 --- [main] o.apache.catalina.core.StandardService   : Starting service [Tomcat]
22:18:04:123  INFO 31764 --- [main] org.apache.catalina.core.StandardEngine  : Starting Servlet engine: [Apache Tomcat/9.0.75]
22:18:04:188  INFO 31764 --- [main] o.a.c.c.C.[Tomcat].[localhost].[/]       : Initializing Spring embedded WebApplicationContext
22:18:04:188  INFO 31764 --- [main] w.s.c.ServletWebServerApplicationContext : Root WebApplicationContext: initialization completed in 615 ms
22:18:04:806  INFO 31764 --- [main] com.alibaba.nacos.common.remote.client   : [RpcClientFactory] create a new rpc client of dd6917f4-6bf7-4724-a2bf-36910849ef97
22:18:04:838  INFO 31764 --- [main] org.reflections.Reflections              : Reflections took 15 ms to scan 1 urls, producing 3 keys and 6 values 
22:18:04:851  INFO 31764 --- [main] org.reflections.Reflections              : Reflections took 5 ms to scan 1 urls, producing 4 keys and 9 values 
22:18:04:855  INFO 31764 --- [main] org.reflections.Reflections              : Reflections took 3 ms to scan 1 urls, producing 3 keys and 10 values 
22:18:04:856  WARN 31764 --- [main] org.reflections.Reflections              : given scan urls are empty. set urls in the configuration
22:18:04:860  INFO 31764 --- [main] org.reflections.Reflections              : Reflections took 3 ms to scan 1 urls, producing 1 keys and 5 values 
22:18:04:863  INFO 31764 --- [main] org.reflections.Reflections              : Reflections took 2 ms to scan 1 urls, producing 1 keys and 7 values 
22:18:04:867  INFO 31764 --- [main] org.reflections.Reflections              : Reflections took 3 ms to scan 1 urls, producing 2 keys and 8 values 
22:18:04:868  WARN 31764 --- [main] org.reflections.Reflections              : given scan urls are empty. set urls in the configuration
22:18:04:869  INFO 31764 --- [main] com.alibaba.nacos.common.remote.client   : [dd6917f4-6bf7-4724-a2bf-36910849ef97] RpcClient init label, labels = {module=naming, source=sdk}
22:18:04:870  INFO 31764 --- [main] com.alibaba.nacos.common.remote.client   : [dd6917f4-6bf7-4724-a2bf-36910849ef97] RpcClient init, ServerListFactory = com.alibaba.nacos.client.naming.core.ServerListManager
22:18:04:870  INFO 31764 --- [main] com.alibaba.nacos.common.remote.client   : [dd6917f4-6bf7-4724-a2bf-36910849ef97] Registry connection listener to current client:com.alibaba.nacos.client.naming.remote.gprc.redo.NamingGrpcRedoService
22:18:04:870  INFO 31764 --- [main] com.alibaba.nacos.common.remote.client   : [dd6917f4-6bf7-4724-a2bf-36910849ef97] Register server push request handler:com.alibaba.nacos.client.naming.remote.gprc.NamingPushRequestHandler
22:18:04:870  INFO 31764 --- [main] com.alibaba.nacos.common.remote.client   : [dd6917f4-6bf7-4724-a2bf-36910849ef97] Try to connect to server on start up, server: {serverIp = '127.0.0.1', server main port = 8848}
22:18:05:424  INFO 31764 --- [main] com.alibaba.nacos.common.remote.client   : [dd6917f4-6bf7-4724-a2bf-36910849ef97] Success to connect to server [127.0.0.1:8848] on start up, connectionId = 1720448285266_172.17.0.1_55324
22:18:05:424  INFO 31764 --- [com.alibaba.nacos.client.remote.worker] com.alibaba.nacos.common.remote.client   : [dd6917f4-6bf7-4724-a2bf-36910849ef97] Notify connected event to listeners.
22:18:05:425  INFO 31764 --- [main] com.alibaba.nacos.common.remote.client   : [dd6917f4-6bf7-4724-a2bf-36910849ef97] Register server push request handler:com.alibaba.nacos.common.remote.client.RpcClient$ConnectResetRequestHandler
22:18:05:425  INFO 31764 --- [main] com.alibaba.nacos.common.remote.client   : [dd6917f4-6bf7-4724-a2bf-36910849ef97] Register server push request handler:com.alibaba.nacos.common.remote.client.RpcClient$$Lambda$958/0x000002be017346b8
22:18:05:483  INFO 31764 --- [main] o.s.b.w.embedded.tomcat.TomcatWebServer  : Tomcat started on port(s): 8081 (http) with context path ''
22:18:05:493  INFO 31764 --- [main] c.a.c.n.registry.NacosServiceRegistry    : nacos registry, DEFAULT_GROUP common 192.168.3.38:8081 register finished
22:18:05:711  INFO 31764 --- [main] com.robot.item.ItemServiceApplication    : Started ItemServiceApplication in 2.521 seconds (JVM running for 2.87)
22:18:06:003  INFO 31764 --- [nacos-grpc-client-executor-7] com.alibaba.nacos.common.remote.client   : [dd6917f4-6bf7-4724-a2bf-36910849ef97] Receive server push request, request = NotifySubscriberRequest, requestId = 25
22:18:06:004  INFO 31764 --- [nacos-grpc-client-executor-7] com.alibaba.nacos.common.remote.client   : [dd6917f4-6bf7-4724-a2bf-36910849ef97] Ack server push request, request = NotifySubscriberRequest, requestId = 25
22:18:07:806  INFO 29388 --- [main] com.robot.cart.CartServiceApplication    : Starting CartServiceApplication using Java 17.0.11 on DESKTOP-PRVFU29 with PID 29388 (D:\work\learning\DistributedCase\cart-service\target\classes started by Administrator in D:\work\learning\DistributedCase)
22:18:07:808  INFO 29388 --- [main] com.robot.cart.CartServiceApplication    : The following 1 profile is active: "dev"
22:18:08:148  INFO 29388 --- [main] o.s.cloud.context.scope.GenericScope     : BeanFactory id=d878991e-1067-3479-a541-af80b19cf9af
22:18:08:334  INFO 29388 --- [main] o.s.b.w.embedded.tomcat.TomcatWebServer  : Tomcat initialized with port(s): 8082 (http)
22:18:08:338  INFO 29388 --- [main] o.apache.catalina.core.StandardService   : Starting service [Tomcat]
22:18:08:338  INFO 29388 --- [main] org.apache.catalina.core.StandardEngine  : Starting Servlet engine: [Apache Tomcat/9.0.75]
22:18:08:397  INFO 29388 --- [main] o.a.c.c.C.[Tomcat].[localhost].[/]       : Initializing Spring embedded WebApplicationContext
22:18:08:397  INFO 29388 --- [main] w.s.c.ServletWebServerApplicationContext : Root WebApplicationContext: initialization completed in 569 ms
22:18:08:477  INFO 29388 --- [main] o.s.c.openfeign.FeignClientFactoryBean   : For 'item-service' URL not provided. Will try picking an instance via load-balancing.
22:18:09:094  INFO 29388 --- [main] com.alibaba.nacos.common.remote.client   : [RpcClientFactory] create a new rpc client of 2442f841-d8d6-4767-8a4b-f7b4cc0af405
22:18:09:118  INFO 29388 --- [main] org.reflections.Reflections              : Reflections took 12 ms to scan 1 urls, producing 3 keys and 6 values 
22:18:09:129  INFO 29388 --- [main] org.reflections.Reflections              : Reflections took 3 ms to scan 1 urls, producing 4 keys and 9 values 
22:18:09:133  INFO 29388 --- [main] org.reflections.Reflections              : Reflections took 2 ms to scan 1 urls, producing 3 keys and 10 values 
22:18:09:133  WARN 29388 --- [main] org.reflections.Reflections              : given scan urls are empty. set urls in the configuration
22:18:09:137  INFO 29388 --- [main] org.reflections.Reflections              : Reflections took 2 ms to scan 1 urls, producing 1 keys and 5 values 
22:18:09:144  INFO 29388 --- [main] org.reflections.Reflections              : Reflections took 7 ms to scan 1 urls, producing 1 keys and 7 values 
22:18:09:148  INFO 29388 --- [main] org.reflections.Reflections              : Reflections took 3 ms to scan 1 urls, producing 2 keys and 8 values 
22:18:09:149  WARN 29388 --- [main] org.reflections.Reflections              : given scan urls are empty. set urls in the configuration
22:18:09:150  INFO 29388 --- [main] com.alibaba.nacos.common.remote.client   : [2442f841-d8d6-4767-8a4b-f7b4cc0af405] RpcClient init label, labels = {module=naming, source=sdk}
22:18:09:150  INFO 29388 --- [main] com.alibaba.nacos.common.remote.client   : [2442f841-d8d6-4767-8a4b-f7b4cc0af405] RpcClient init, ServerListFactory = com.alibaba.nacos.client.naming.core.ServerListManager
22:18:09:150  INFO 29388 --- [main] com.alibaba.nacos.common.remote.client   : [2442f841-d8d6-4767-8a4b-f7b4cc0af405] Registry connection listener to current client:com.alibaba.nacos.client.naming.remote.gprc.redo.NamingGrpcRedoService
22:18:09:150  INFO 29388 --- [main] com.alibaba.nacos.common.remote.client   : [2442f841-d8d6-4767-8a4b-f7b4cc0af405] Register server push request handler:com.alibaba.nacos.client.naming.remote.gprc.NamingPushRequestHandler
22:18:09:151  INFO 29388 --- [main] com.alibaba.nacos.common.remote.client   : [2442f841-d8d6-4767-8a4b-f7b4cc0af405] Try to connect to server on start up, server: {serverIp = '127.0.0.1', server main port = 8848}
22:18:09:651  INFO 29388 --- [main] com.alibaba.nacos.common.remote.client   : [2442f841-d8d6-4767-8a4b-f7b4cc0af405] Success to connect to server [127.0.0.1:8848] on start up, connectionId = 1720448289504_172.17.0.1_44202
22:18:09:652  INFO 29388 --- [com.alibaba.nacos.client.remote.worker] com.alibaba.nacos.common.remote.client   : [2442f841-d8d6-4767-8a4b-f7b4cc0af405] Notify connected event to listeners.
22:18:09:653  INFO 29388 --- [main] com.alibaba.nacos.common.remote.client   : [2442f841-d8d6-4767-8a4b-f7b4cc0af405] Register server push request handler:com.alibaba.nacos.common.remote.client.RpcClient$ConnectResetRequestHandler
22:18:09:653  INFO 29388 --- [main] com.alibaba.nacos.common.remote.client   : [2442f841-d8d6-4767-8a4b-f7b4cc0af405] Register server push request handler:com.alibaba.nacos.common.remote.client.RpcClient$$Lambda$1013/0x000001ed91787738
22:18:09:683  INFO 29388 --- [main] o.s.b.w.embedded.tomcat.TomcatWebServer  : Tomcat started on port(s): 8082 (http) with context path ''
22:18:09:688  INFO 29388 --- [main] c.a.c.n.registry.NacosServiceRegistry    : nacos registry, DEFAULT_GROUP common 192.168.3.38:8082 register finished
22:18:09:789  INFO 29388 --- [main] com.robot.cart.CartServiceApplication    : Started CartServiceApplication in 2.322 seconds (JVM running for 2.579)
22:18:10:203  INFO 31764 --- [nacos-grpc-client-executor-9] com.alibaba.nacos.common.remote.client   : [dd6917f4-6bf7-4724-a2bf-36910849ef97] Receive server push request, request = NotifySubscriberRequest, requestId = 28
22:18:10:210  INFO 31764 --- [nacos-grpc-client-executor-9] com.alibaba.nacos.common.remote.client   : [dd6917f4-6bf7-4724-a2bf-36910849ef97] Ack server push request, request = NotifySubscriberRequest, requestId = 28
22:18:10:211  INFO 29388 --- [nacos-grpc-client-executor-9] com.alibaba.nacos.common.remote.client   : [2442f841-d8d6-4767-8a4b-f7b4cc0af405] Receive server push request, request = NotifySubscriberRequest, requestId = 27
22:18:10:214  INFO 29388 --- [nacos-grpc-client-executor-9] com.alibaba.nacos.common.remote.client   : [2442f841-d8d6-4767-8a4b-f7b4cc0af405] Ack server push request, request = NotifySubscriberRequest, requestId = 27
22:21:10:654  WARN 29388 --- [Thread-4] c.a.nacos.common.notify.NotifyCenter     : [NotifyCenter] Start destroying Publisher
22:21:10:654  WARN 29388 --- [Thread-7] c.a.n.common.http.HttpClientBeanHolder   : [HttpClientBeanHolder] Start destroying common HttpClient
22:21:10:655  WARN 29388 --- [Thread-4] c.a.nacos.common.notify.NotifyCenter     : [NotifyCenter] Destruction of the end
22:21:10:655  WARN 29388 --- [Thread-7] c.a.n.common.http.HttpClientBeanHolder   : [HttpClientBeanHolder] Destruction of the end
22:21:10:662  WARN 31764 --- [Thread-4] c.a.nacos.common.notify.NotifyCenter     : [NotifyCenter] Start destroying Publisher
22:21:10:662  WARN 31764 --- [Thread-7] c.a.n.common.http.HttpClientBeanHolder   : [HttpClientBeanHolder] Start destroying common HttpClient
22:21:10:662  WARN 31764 --- [Thread-4] c.a.nacos.common.notify.NotifyCenter     : [NotifyCenter] Destruction of the end
22:21:10:662  WARN 31764 --- [Thread-7] c.a.n.common.http.HttpClientBeanHolder   : [HttpClientBeanHolder] Destruction of the end
22:21:10:674  INFO 29388 --- [SpringApplicationShutdownHook] c.a.c.n.registry.NacosServiceRegistry    : De-registering from Nacos Server now...
22:21:10:679  INFO 29388 --- [SpringApplicationShutdownHook] c.a.c.n.registry.NacosServiceRegistry    : De-registration finished.
22:21:10:682  INFO 31764 --- [SpringApplicationShutdownHook] c.a.c.n.registry.NacosServiceRegistry    : De-registering from Nacos Server now...
22:21:10:684  INFO 31764 --- [SpringApplicationShutdownHook] c.a.c.n.registry.NacosServiceRegistry    : De-registration finished.
22:21:10:722  INFO 29388 --- [SpringApplicationShutdownHook] com.alibaba.nacos.common.remote.client   : Shutdown rpc client, set status to shutdown
22:21:10:722  INFO 29388 --- [SpringApplicationShutdownHook] com.alibaba.nacos.common.remote.client   : Shutdown client event executor java.util.concurrent.ScheduledThreadPoolExecutor@6f086aaf[Running, pool size = 2, active threads = 2, queued tasks = 0, completed tasks = 0]
22:21:10:722  INFO 29388 --- [SpringApplicationShutdownHook] com.alibaba.nacos.common.remote.client   : Close current connection 1720448289504_172.17.0.1_44202
22:21:10:724  INFO 29388 --- [nacos-grpc-client-executor-53] c.a.n.c.remote.client.grpc.GrpcClient    : [1720448289504_172.17.0.1_44202]Ignore complete event,isRunning:false,isAbandon=false
22:21:10:724  INFO 29388 --- [SpringApplicationShutdownHook] c.a.n.c.remote.client.grpc.GrpcClient    : Shutdown grpc executor java.util.concurrent.ThreadPoolExecutor@5e4a4ac[Running, pool size = 5, active threads = 0, queued tasks = 0, completed tasks = 54]
22:21:11:018  INFO 31764 --- [SpringApplicationShutdownHook] com.alibaba.nacos.common.remote.client   : Shutdown rpc client, set status to shutdown
22:21:11:018  INFO 31764 --- [SpringApplicationShutdownHook] com.alibaba.nacos.common.remote.client   : Shutdown client event executor java.util.concurrent.ScheduledThreadPoolExecutor@3abe925e[Running, pool size = 2, active threads = 2, queued tasks = 0, completed tasks = 0]
22:21:11:018  INFO 31764 --- [SpringApplicationShutdownHook] com.alibaba.nacos.common.remote.client   : Close current connection 1720448285266_172.17.0.1_55324
22:21:11:020  INFO 31764 --- [nacos-grpc-client-executor-50] c.a.n.c.remote.client.grpc.GrpcClient    : [1720448285266_172.17.0.1_55324]Ignore complete event,isRunning:false,isAbandon=false
22:21:11:021  INFO 31764 --- [SpringApplicationShutdownHook] c.a.n.c.remote.client.grpc.GrpcClient    : Shutdown grpc executor java.util.concurrent.ThreadPoolExecutor@4517c2f0[Running, pool size = 6, active threads = 0, queued tasks = 0, completed tasks = 51]
22:21:12:135  INFO 22992 --- [main] com.robot.cart.CartServiceApplication    : Starting CartServiceApplication using Java 17.0.11 on DESKTOP-PRVFU29 with PID 22992 (D:\work\learning\DistributedCase\cart-service\target\classes started by Administrator in D:\work\learning\DistributedCase)
22:21:12:136  INFO 22992 --- [main] com.robot.cart.CartServiceApplication    : The following 1 profile is active: "dev"
22:21:12:634  INFO 22992 --- [main] o.s.cloud.context.scope.GenericScope     : BeanFactory id=d878991e-1067-3479-a541-af80b19cf9af
22:21:12:872  INFO 22992 --- [main] o.s.b.w.embedded.tomcat.TomcatWebServer  : Tomcat initialized with port(s): 8082 (http)
22:21:12:877  INFO 22992 --- [main] o.apache.catalina.core.StandardService   : Starting service [Tomcat]
22:21:12:877  INFO 22992 --- [main] org.apache.catalina.core.StandardEngine  : Starting Servlet engine: [Apache Tomcat/9.0.75]
22:21:12:947  INFO 22992 --- [main] o.a.c.c.C.[Tomcat].[localhost].[/]       : Initializing Spring embedded WebApplicationContext
22:21:12:948  INFO 22992 --- [main] w.s.c.ServletWebServerApplicationContext : Root WebApplicationContext: initialization completed in 786 ms
22:21:13:024  INFO 3984 --- [main] com.robot.item.ItemServiceApplication    : Starting ItemServiceApplication using Java 17.0.11 on DESKTOP-PRVFU29 with PID 3984 (D:\work\learning\DistributedCase\item-service\target\classes started by Administrator in D:\work\learning\DistributedCase)
22:21:13:025  INFO 3984 --- [main] com.robot.item.ItemServiceApplication    : The following 1 profile is active: "dev"
22:21:13:049  INFO 22992 --- [main] o.s.c.openfeign.FeignClientFactoryBean   : For 'item-service' URL not provided. Will try picking an instance via load-balancing.
22:21:13:431  INFO 3984 --- [main] o.s.cloud.context.scope.GenericScope     : BeanFactory id=51e2c3e1-0012-3fe0-a793-2ec81d49167b
22:21:13:643  INFO 3984 --- [main] o.s.b.w.embedded.tomcat.TomcatWebServer  : Tomcat initialized with port(s): 8081 (http)
22:21:13:648  INFO 3984 --- [main] o.apache.catalina.core.StandardService   : Starting service [Tomcat]
22:21:13:648  INFO 3984 --- [main] org.apache.catalina.core.StandardEngine  : Starting Servlet engine: [Apache Tomcat/9.0.75]
22:21:13:711  INFO 3984 --- [main] o.a.c.c.C.[Tomcat].[localhost].[/]       : Initializing Spring embedded WebApplicationContext
22:21:13:711  INFO 3984 --- [main] w.s.c.ServletWebServerApplicationContext : Root WebApplicationContext: initialization completed in 660 ms
22:21:13:765  INFO 22992 --- [main] com.alibaba.nacos.common.remote.client   : [RpcClientFactory] create a new rpc client of 3a2ec3e8-1f12-44ce-9f96-445c4d1c09cd
22:21:13:798  INFO 22992 --- [main] org.reflections.Reflections              : Reflections took 15 ms to scan 1 urls, producing 3 keys and 6 values 
22:21:13:811  INFO 22992 --- [main] org.reflections.Reflections              : Reflections took 4 ms to scan 1 urls, producing 4 keys and 9 values 
22:21:13:816  INFO 22992 --- [main] org.reflections.Reflections              : Reflections took 3 ms to scan 1 urls, producing 3 keys and 10 values 
22:21:13:818  WARN 22992 --- [main] org.reflections.Reflections              : given scan urls are empty. set urls in the configuration
22:21:13:824  INFO 22992 --- [main] org.reflections.Reflections              : Reflections took 5 ms to scan 1 urls, producing 1 keys and 5 values 
22:21:13:829  INFO 22992 --- [main] org.reflections.Reflections              : Reflections took 4 ms to scan 1 urls, producing 1 keys and 7 values 
22:21:13:834  INFO 22992 --- [main] org.reflections.Reflections              : Reflections took 4 ms to scan 1 urls, producing 2 keys and 8 values 
22:21:13:835  WARN 22992 --- [main] org.reflections.Reflections              : given scan urls are empty. set urls in the configuration
22:21:13:836  INFO 22992 --- [main] com.alibaba.nacos.common.remote.client   : [3a2ec3e8-1f12-44ce-9f96-445c4d1c09cd] RpcClient init label, labels = {module=naming, source=sdk}
22:21:13:837  INFO 22992 --- [main] com.alibaba.nacos.common.remote.client   : [3a2ec3e8-1f12-44ce-9f96-445c4d1c09cd] RpcClient init, ServerListFactory = com.alibaba.nacos.client.naming.core.ServerListManager
22:21:13:837  INFO 22992 --- [main] com.alibaba.nacos.common.remote.client   : [3a2ec3e8-1f12-44ce-9f96-445c4d1c09cd] Registry connection listener to current client:com.alibaba.nacos.client.naming.remote.gprc.redo.NamingGrpcRedoService
22:21:13:837  INFO 22992 --- [main] com.alibaba.nacos.common.remote.client   : [3a2ec3e8-1f12-44ce-9f96-445c4d1c09cd] Register server push request handler:com.alibaba.nacos.client.naming.remote.gprc.NamingPushRequestHandler
22:21:13:838  INFO 22992 --- [main] com.alibaba.nacos.common.remote.client   : [3a2ec3e8-1f12-44ce-9f96-445c4d1c09cd] Try to connect to server on start up, server: {serverIp = '127.0.0.1', server main port = 8848}
22:21:14:537  INFO 3984 --- [main] com.alibaba.nacos.common.remote.client   : [RpcClientFactory] create a new rpc client of 5a4a5a03-b610-4628-8c57-be69443c1ff3
22:21:14:553  INFO 22992 --- [main] com.alibaba.nacos.common.remote.client   : [3a2ec3e8-1f12-44ce-9f96-445c4d1c09cd] Success to connect to server [127.0.0.1:8848] on start up, connectionId = 1720448474385_172.17.0.1_51868
22:21:14:553  INFO 22992 --- [com.alibaba.nacos.client.remote.worker] com.alibaba.nacos.common.remote.client   : [3a2ec3e8-1f12-44ce-9f96-445c4d1c09cd] Notify connected event to listeners.
22:21:14:553  INFO 22992 --- [main] com.alibaba.nacos.common.remote.client   : [3a2ec3e8-1f12-44ce-9f96-445c4d1c09cd] Register server push request handler:com.alibaba.nacos.common.remote.client.RpcClient$ConnectResetRequestHandler
22:21:14:554  INFO 22992 --- [main] com.alibaba.nacos.common.remote.client   : [3a2ec3e8-1f12-44ce-9f96-445c4d1c09cd] Register server push request handler:com.alibaba.nacos.common.remote.client.RpcClient$$Lambda$1013/0x0000016fe27ab488
22:21:14:586  INFO 3984 --- [main] org.reflections.Reflections              : Reflections took 27 ms to scan 1 urls, producing 3 keys and 6 values 
22:21:14:594  INFO 22992 --- [main] o.s.b.w.embedded.tomcat.TomcatWebServer  : Tomcat started on port(s): 8082 (http) with context path ''
22:21:14:604  INFO 22992 --- [main] c.a.c.n.registry.NacosServiceRegistry    : nacos registry, DEFAULT_GROUP common 192.168.3.38:8082 register finished
22:21:14:605  INFO 3984 --- [main] org.reflections.Reflections              : Reflections took 9 ms to scan 1 urls, producing 4 keys and 9 values 
22:21:14:611  INFO 3984 --- [main] org.reflections.Reflections              : Reflections took 4 ms to scan 1 urls, producing 3 keys and 10 values 
22:21:14:612  WARN 3984 --- [main] org.reflections.Reflections              : given scan urls are empty. set urls in the configuration
22:21:14:616  INFO 3984 --- [main] org.reflections.Reflections              : Reflections took 4 ms to scan 1 urls, producing 1 keys and 5 values 
22:21:14:622  INFO 3984 --- [main] org.reflections.Reflections              : Reflections took 5 ms to scan 1 urls, producing 1 keys and 7 values 
22:21:14:627  INFO 3984 --- [main] org.reflections.Reflections              : Reflections took 4 ms to scan 1 urls, producing 2 keys and 8 values 
22:21:14:628  WARN 3984 --- [main] org.reflections.Reflections              : given scan urls are empty. set urls in the configuration
22:21:14:628  INFO 3984 --- [main] com.alibaba.nacos.common.remote.client   : [5a4a5a03-b610-4628-8c57-be69443c1ff3] RpcClient init label, labels = {module=naming, source=sdk}
22:21:14:629  INFO 3984 --- [main] com.alibaba.nacos.common.remote.client   : [5a4a5a03-b610-4628-8c57-be69443c1ff3] RpcClient init, ServerListFactory = com.alibaba.nacos.client.naming.core.ServerListManager
22:21:14:630  INFO 3984 --- [main] com.alibaba.nacos.common.remote.client   : [5a4a5a03-b610-4628-8c57-be69443c1ff3] Registry connection listener to current client:com.alibaba.nacos.client.naming.remote.gprc.redo.NamingGrpcRedoService
22:21:14:630  INFO 3984 --- [main] com.alibaba.nacos.common.remote.client   : [5a4a5a03-b610-4628-8c57-be69443c1ff3] Register server push request handler:com.alibaba.nacos.client.naming.remote.gprc.NamingPushRequestHandler
22:21:14:631  INFO 3984 --- [main] com.alibaba.nacos.common.remote.client   : [5a4a5a03-b610-4628-8c57-be69443c1ff3] Try to connect to server on start up, server: {serverIp = '127.0.0.1', server main port = 8848}
22:21:14:779  INFO 22992 --- [main] com.robot.cart.CartServiceApplication    : Started CartServiceApplication in 3.05 seconds (JVM running for 3.408)
22:21:15:135  INFO 22992 --- [nacos-grpc-client-executor-10] com.alibaba.nacos.common.remote.client   : [3a2ec3e8-1f12-44ce-9f96-445c4d1c09cd] Receive server push request, request = NotifySubscriberRequest, requestId = 30
22:21:15:137  INFO 22992 --- [nacos-grpc-client-executor-10] com.alibaba.nacos.common.remote.client   : [3a2ec3e8-1f12-44ce-9f96-445c4d1c09cd] Ack server push request, request = NotifySubscriberRequest, requestId = 30
22:21:15:270  INFO 3984 --- [main] com.alibaba.nacos.common.remote.client   : [5a4a5a03-b610-4628-8c57-be69443c1ff3] Success to connect to server [127.0.0.1:8848] on start up, connectionId = 1720448475106_172.17.0.1_51884
22:21:15:270  INFO 3984 --- [com.alibaba.nacos.client.remote.worker] com.alibaba.nacos.common.remote.client   : [5a4a5a03-b610-4628-8c57-be69443c1ff3] Notify connected event to listeners.
22:21:15:270  INFO 3984 --- [main] com.alibaba.nacos.common.remote.client   : [5a4a5a03-b610-4628-8c57-be69443c1ff3] Register server push request handler:com.alibaba.nacos.common.remote.client.RpcClient$ConnectResetRequestHandler
22:21:15:270  INFO 3984 --- [main] com.alibaba.nacos.common.remote.client   : [5a4a5a03-b610-4628-8c57-be69443c1ff3] Register server push request handler:com.alibaba.nacos.common.remote.client.RpcClient$$Lambda$958/0x000001cd36735448
22:21:15:301  INFO 3984 --- [main] o.s.b.w.embedded.tomcat.TomcatWebServer  : Tomcat started on port(s): 8081 (http) with context path ''
22:21:15:307  INFO 3984 --- [main] c.a.c.n.registry.NacosServiceRegistry    : nacos registry, DEFAULT_GROUP common 192.168.3.38:8081 register finished
22:21:15:408  INFO 3984 --- [main] com.robot.item.ItemServiceApplication    : Started ItemServiceApplication in 2.769 seconds (JVM running for 3.157)
22:21:15:827  INFO 22992 --- [nacos-grpc-client-executor-12] com.alibaba.nacos.common.remote.client   : [3a2ec3e8-1f12-44ce-9f96-445c4d1c09cd] Receive server push request, request = NotifySubscriberRequest, requestId = 32
22:21:15:829  INFO 22992 --- [nacos-grpc-client-executor-12] com.alibaba.nacos.common.remote.client   : [3a2ec3e8-1f12-44ce-9f96-445c4d1c09cd] Ack server push request, request = NotifySubscriberRequest, requestId = 32
22:21:15:835  INFO 3984 --- [nacos-grpc-client-executor-9] com.alibaba.nacos.common.remote.client   : [5a4a5a03-b610-4628-8c57-be69443c1ff3] Receive server push request, request = NotifySubscriberRequest, requestId = 31
22:21:15:836  INFO 3984 --- [nacos-grpc-client-executor-9] com.alibaba.nacos.common.remote.client   : [5a4a5a03-b610-4628-8c57-be69443c1ff3] Ack server push request, request = NotifySubscriberRequest, requestId = 31
22:21:17:330  INFO 22992 --- [nacos-grpc-client-executor-13] com.alibaba.nacos.common.remote.client   : [3a2ec3e8-1f12-44ce-9f96-445c4d1c09cd] Receive server push request, request = NotifySubscriberRequest, requestId = 34
22:21:17:330  INFO 3984 --- [nacos-grpc-client-executor-11] com.alibaba.nacos.common.remote.client   : [5a4a5a03-b610-4628-8c57-be69443c1ff3] Receive server push request, request = NotifySubscriberRequest, requestId = 33
22:21:17:334  INFO 22992 --- [nacos-grpc-client-executor-13] com.alibaba.nacos.common.remote.client   : [3a2ec3e8-1f12-44ce-9f96-445c4d1c09cd] Ack server push request, request = NotifySubscriberRequest, requestId = 34
22:21:17:335  INFO 3984 --- [nacos-grpc-client-executor-11] com.alibaba.nacos.common.remote.client   : [5a4a5a03-b610-4628-8c57-be69443c1ff3] Ack server push request, request = NotifySubscriberRequest, requestId = 33
22:23:55:063  INFO 22992 --- [http-nio-8082-exec-1] o.a.c.c.C.[Tomcat].[localhost].[/]       : Initializing Spring DispatcherServlet 'dispatcherServlet'
22:23:55:063  INFO 22992 --- [http-nio-8082-exec-1] o.s.web.servlet.DispatcherServlet        : Initializing Servlet 'dispatcherServlet'
22:23:55:064  INFO 22992 --- [http-nio-8082-exec-1] o.s.web.servlet.DispatcherServlet        : Completed initialization in 1 ms
22:23:57:016  WARN 22992 --- [Thread-4] c.a.nacos.common.notify.NotifyCenter     : [NotifyCenter] Start destroying Publisher
22:23:57:016  WARN 22992 --- [Thread-7] c.a.n.common.http.HttpClientBeanHolder   : [HttpClientBeanHolder] Start destroying common HttpClient
22:23:57:017  WARN 22992 --- [Thread-4] c.a.nacos.common.notify.NotifyCenter     : [NotifyCenter] Destruction of the end
22:23:57:017  WARN 22992 --- [Thread-7] c.a.n.common.http.HttpClientBeanHolder   : [HttpClientBeanHolder] Destruction of the end
22:23:57:022  WARN 3984 --- [Thread-4] c.a.nacos.common.notify.NotifyCenter     : [NotifyCenter] Start destroying Publisher
22:23:57:022  WARN 3984 --- [Thread-7] c.a.n.common.http.HttpClientBeanHolder   : [HttpClientBeanHolder] Start destroying common HttpClient
22:23:57:023  WARN 3984 --- [Thread-4] c.a.nacos.common.notify.NotifyCenter     : [NotifyCenter] Destruction of the end
22:23:57:023  WARN 3984 --- [Thread-7] c.a.n.common.http.HttpClientBeanHolder   : [HttpClientBeanHolder] Destruction of the end
22:23:57:036  INFO 22992 --- [SpringApplicationShutdownHook] c.a.c.n.registry.NacosServiceRegistry    : De-registering from Nacos Server now...
22:23:57:039  INFO 22992 --- [SpringApplicationShutdownHook] c.a.c.n.registry.NacosServiceRegistry    : De-registration finished.
22:23:57:041  INFO 3984 --- [SpringApplicationShutdownHook] c.a.c.n.registry.NacosServiceRegistry    : De-registering from Nacos Server now...
22:23:57:044  INFO 3984 --- [SpringApplicationShutdownHook] c.a.c.n.registry.NacosServiceRegistry    : De-registration finished.
22:23:57:365  INFO 22992 --- [SpringApplicationShutdownHook] com.alibaba.nacos.common.remote.client   : Shutdown rpc client, set status to shutdown
22:23:57:365  INFO 22992 --- [SpringApplicationShutdownHook] com.alibaba.nacos.common.remote.client   : Shutdown client event executor java.util.concurrent.ScheduledThreadPoolExecutor@3589d4c2[Running, pool size = 2, active threads = 2, queued tasks = 0, completed tasks = 0]
22:23:57:365  INFO 22992 --- [SpringApplicationShutdownHook] com.alibaba.nacos.common.remote.client   : Close current connection 1720448474385_172.17.0.1_51868
22:23:57:367  INFO 22992 --- [nacos-grpc-client-executor-51] c.a.n.c.remote.client.grpc.GrpcClient    : [1720448474385_172.17.0.1_51868]Ignore complete event,isRunning:false,isAbandon=false
22:23:57:368  INFO 22992 --- [SpringApplicationShutdownHook] c.a.n.c.remote.client.grpc.GrpcClient    : Shutdown grpc executor java.util.concurrent.ThreadPoolExecutor@35ab52e4[Running, pool size = 5, active threads = 0, queued tasks = 0, completed tasks = 52]
22:23:57:379  INFO 3984 --- [SpringApplicationShutdownHook] com.alibaba.nacos.common.remote.client   : Shutdown rpc client, set status to shutdown
22:23:57:380  INFO 3984 --- [SpringApplicationShutdownHook] com.alibaba.nacos.common.remote.client   : Shutdown client event executor java.util.concurrent.ScheduledThreadPoolExecutor@219a1fd4[Running, pool size = 2, active threads = 2, queued tasks = 0, completed tasks = 0]
22:23:57:380  INFO 3984 --- [SpringApplicationShutdownHook] com.alibaba.nacos.common.remote.client   : Close current connection 1720448475106_172.17.0.1_51884
22:23:57:382  INFO 3984 --- [nacos-grpc-client-executor-51] c.a.n.c.remote.client.grpc.GrpcClient    : [1720448475106_172.17.0.1_51884]Ignore complete event,isRunning:false,isAbandon=false
22:23:57:383  INFO 3984 --- [SpringApplicationShutdownHook] c.a.n.c.remote.client.grpc.GrpcClient    : Shutdown grpc executor java.util.concurrent.ThreadPoolExecutor@4719c4b9[Running, pool size = 5, active threads = 0, queued tasks = 0, completed tasks = 52]
