21:01:27:526  INFO 23952 --- [main] com.robot.item.ItemServiceApplication    : Starting ItemServiceApplication using Java 17.0.11 on DESKTOP-PRVFU29 with PID 23952 (D:\work\learning\DistributedCase\item-service\target\classes started by Administrator in D:\work\learning\DistributedCase)
21:01:27:530  INFO 23952 --- [main] com.robot.item.ItemServiceApplication    : The following 1 profile is active: "dev"
21:01:28:056  INFO 23952 --- [main] o.s.cloud.context.scope.GenericScope     : BeanFactory id=51e2c3e1-0012-3fe0-a793-2ec81d49167b
21:01:28:329  INFO 23952 --- [main] o.s.b.w.embedded.tomcat.TomcatWebServer  : Tomcat initialized with port(s): 8081 (http)
21:01:28:335  INFO 23952 --- [main] o.apache.catalina.core.StandardService   : Starting service [Tomcat]
21:01:28:335  INFO 23952 --- [main] org.apache.catalina.core.StandardEngine  : Starting Servlet engine: [Apache Tomcat/9.0.75]
21:01:28:437  INFO 23952 --- [main] o.a.c.c.C.[Tomcat].[localhost].[/]       : Initializing Spring embedded WebApplicationContext
21:01:28:437  INFO 23952 --- [main] w.s.c.ServletWebServerApplicationContext : Root WebApplicationContext: initialization completed in 877 ms
21:01:29:158  INFO 23952 --- [main] com.alibaba.nacos.common.remote.client   : [RpcClientFactory] create a new rpc client of 003e075e-af06-4752-b367-f1c651e5f9d4
21:01:29:181  INFO 23952 --- [main] org.reflections.Reflections              : Reflections took 11 ms to scan 1 urls, producing 3 keys and 6 values 
21:01:29:196  INFO 23952 --- [main] org.reflections.Reflections              : Reflections took 9 ms to scan 1 urls, producing 4 keys and 9 values 
21:01:29:201  INFO 23952 --- [main] org.reflections.Reflections              : Reflections took 3 ms to scan 1 urls, producing 3 keys and 10 values 
21:01:29:202  WARN 23952 --- [main] org.reflections.Reflections              : given scan urls are empty. set urls in the configuration
21:01:29:205  INFO 23952 --- [main] org.reflections.Reflections              : Reflections took 3 ms to scan 1 urls, producing 1 keys and 5 values 
21:01:29:209  INFO 23952 --- [main] org.reflections.Reflections              : Reflections took 3 ms to scan 1 urls, producing 1 keys and 7 values 
21:01:29:213  INFO 23952 --- [main] org.reflections.Reflections              : Reflections took 3 ms to scan 1 urls, producing 2 keys and 8 values 
21:01:29:213  WARN 23952 --- [main] org.reflections.Reflections              : given scan urls are empty. set urls in the configuration
21:01:29:214  INFO 23952 --- [main] com.alibaba.nacos.common.remote.client   : [003e075e-af06-4752-b367-f1c651e5f9d4] RpcClient init label, labels = {module=naming, source=sdk}
21:01:29:215  INFO 23952 --- [main] com.alibaba.nacos.common.remote.client   : [003e075e-af06-4752-b367-f1c651e5f9d4] RpcClient init, ServerListFactory = com.alibaba.nacos.client.naming.core.ServerListManager
21:01:29:215  INFO 23952 --- [main] com.alibaba.nacos.common.remote.client   : [003e075e-af06-4752-b367-f1c651e5f9d4] Registry connection listener to current client:com.alibaba.nacos.client.naming.remote.gprc.redo.NamingGrpcRedoService
21:01:29:215  INFO 23952 --- [main] com.alibaba.nacos.common.remote.client   : [003e075e-af06-4752-b367-f1c651e5f9d4] Register server push request handler:com.alibaba.nacos.client.naming.remote.gprc.NamingPushRequestHandler
21:01:29:215  INFO 23952 --- [main] com.alibaba.nacos.common.remote.client   : [003e075e-af06-4752-b367-f1c651e5f9d4] Try to connect to server on start up, server: {serverIp = '127.0.0.1', server main port = 8848}
21:01:29:706  INFO 23952 --- [main] com.alibaba.nacos.common.remote.client   : [003e075e-af06-4752-b367-f1c651e5f9d4] Success to connect to server [127.0.0.1:8848] on start up, connectionId = 1720530089557_172.17.0.1_51098
21:01:29:706  INFO 23952 --- [com.alibaba.nacos.client.remote.worker] com.alibaba.nacos.common.remote.client   : [003e075e-af06-4752-b367-f1c651e5f9d4] Notify connected event to listeners.
21:01:29:706  INFO 23952 --- [main] com.alibaba.nacos.common.remote.client   : [003e075e-af06-4752-b367-f1c651e5f9d4] Register server push request handler:com.alibaba.nacos.common.remote.client.RpcClient$ConnectResetRequestHandler
21:01:29:707  INFO 23952 --- [main] com.alibaba.nacos.common.remote.client   : [003e075e-af06-4752-b367-f1c651e5f9d4] Register server push request handler:com.alibaba.nacos.common.remote.client.RpcClient$$Lambda$958/0x00000144ba7424c8
21:01:29:742  INFO 23952 --- [main] o.s.b.w.embedded.tomcat.TomcatWebServer  : Tomcat started on port(s): 8081 (http) with context path ''
21:01:29:756  INFO 23952 --- [main] c.a.c.n.registry.NacosServiceRegistry    : nacos registry, DEFAULT_GROUP item-service 192.168.3.38:8081 register finished
21:01:29:850  INFO 23952 --- [main] com.robot.item.ItemServiceApplication    : Started ItemServiceApplication in 2.751 seconds (JVM running for 3.095)
21:01:30:290  INFO 23952 --- [nacos-grpc-client-executor-11] com.alibaba.nacos.common.remote.client   : [003e075e-af06-4752-b367-f1c651e5f9d4] Receive server push request, request = NotifySubscriberRequest, requestId = 3
21:01:30:292  INFO 23952 --- [nacos-grpc-client-executor-11] com.alibaba.nacos.common.remote.client   : [003e075e-af06-4752-b367-f1c651e5f9d4] Ack server push request, request = NotifySubscriberRequest, requestId = 3
21:01:41:063  INFO 23952 --- [http-nio-8081-exec-1] o.a.c.c.C.[Tomcat].[localhost].[/]       : Initializing Spring DispatcherServlet 'dispatcherServlet'
21:01:41:064  INFO 23952 --- [http-nio-8081-exec-1] o.s.web.servlet.DispatcherServlet        : Initializing Servlet 'dispatcherServlet'
21:01:41:064  INFO 23952 --- [http-nio-8081-exec-1] o.s.web.servlet.DispatcherServlet        : Completed initialization in 0 ms
21:01:41:129  INFO 23952 --- [http-nio-8081-exec-1] com.zaxxer.hikari.HikariDataSource       : HikariPool-1 - Starting...
21:01:41:295  INFO 23952 --- [http-nio-8081-exec-1] com.zaxxer.hikari.HikariDataSource       : HikariPool-1 - Start completed.
21:04:03:487  WARN 23952 --- [Thread-7] c.a.n.common.http.HttpClientBeanHolder   : [HttpClientBeanHolder] Start destroying common HttpClient
21:04:03:487  WARN 23952 --- [Thread-4] c.a.nacos.common.notify.NotifyCenter     : [NotifyCenter] Start destroying Publisher
21:04:03:487  WARN 23952 --- [Thread-4] c.a.nacos.common.notify.NotifyCenter     : [NotifyCenter] Destruction of the end
21:04:03:488  WARN 23952 --- [Thread-7] c.a.n.common.http.HttpClientBeanHolder   : [HttpClientBeanHolder] Destruction of the end
21:04:03:510  INFO 23952 --- [SpringApplicationShutdownHook] c.a.c.n.registry.NacosServiceRegistry    : De-registering from Nacos Server now...
21:04:03:513  INFO 23952 --- [SpringApplicationShutdownHook] c.a.c.n.registry.NacosServiceRegistry    : De-registration finished.
21:04:03:843  INFO 23952 --- [SpringApplicationShutdownHook] com.alibaba.nacos.common.remote.client   : Shutdown rpc client, set status to shutdown
21:04:03:843  INFO 23952 --- [SpringApplicationShutdownHook] com.alibaba.nacos.common.remote.client   : Shutdown client event executor java.util.concurrent.ScheduledThreadPoolExecutor@94e654c[Running, pool size = 2, active threads = 2, queued tasks = 0, completed tasks = 0]
21:04:03:843  INFO 23952 --- [SpringApplicationShutdownHook] com.alibaba.nacos.common.remote.client   : Close current connection 1720530089557_172.17.0.1_51098
21:04:03:845  INFO 23952 --- [SpringApplicationShutdownHook] c.a.n.c.remote.client.grpc.GrpcClient    : Shutdown grpc executor java.util.concurrent.ThreadPoolExecutor@4d8c14ca[Running, pool size = 8, active threads = 0, queued tasks = 0, completed tasks = 72]
21:04:03:846  INFO 23952 --- [SpringApplicationShutdownHook] com.zaxxer.hikari.HikariDataSource       : HikariPool-1 - Shutdown initiated...
21:04:03:851  INFO 23952 --- [SpringApplicationShutdownHook] com.zaxxer.hikari.HikariDataSource       : HikariPool-1 - Shutdown completed.
21:04:06:882  INFO 24060 --- [main] com.robot.item.ItemServiceApplication    : Starting ItemServiceApplication using Java 17.0.11 on DESKTOP-PRVFU29 with PID 24060 (D:\work\learning\DistributedCase\item-service\target\classes started by Administrator in D:\work\learning\DistributedCase)
21:04:06:885  INFO 24060 --- [main] com.robot.item.ItemServiceApplication    : The following 1 profile is active: "dev"
21:04:07:312  INFO 24060 --- [main] o.s.cloud.context.scope.GenericScope     : BeanFactory id=51e2c3e1-0012-3fe0-a793-2ec81d49167b
21:04:07:544  INFO 24060 --- [main] o.s.b.w.embedded.tomcat.TomcatWebServer  : Tomcat initialized with port(s): 8081 (http)
21:04:07:549  INFO 24060 --- [main] o.apache.catalina.core.StandardService   : Starting service [Tomcat]
21:04:07:550  INFO 24060 --- [main] org.apache.catalina.core.StandardEngine  : Starting Servlet engine: [Apache Tomcat/9.0.75]
21:04:07:618  INFO 24060 --- [main] o.a.c.c.C.[Tomcat].[localhost].[/]       : Initializing Spring embedded WebApplicationContext
21:04:07:618  INFO 24060 --- [main] w.s.c.ServletWebServerApplicationContext : Root WebApplicationContext: initialization completed in 704 ms
21:04:08:299  INFO 24060 --- [main] com.alibaba.nacos.common.remote.client   : [RpcClientFactory] create a new rpc client of 18b4e027-d450-4179-8098-aa8eb388c482
21:04:08:330  INFO 24060 --- [main] org.reflections.Reflections              : Reflections took 16 ms to scan 1 urls, producing 3 keys and 6 values 
21:04:08:344  INFO 24060 --- [main] org.reflections.Reflections              : Reflections took 6 ms to scan 1 urls, producing 4 keys and 9 values 
21:04:08:351  INFO 24060 --- [main] org.reflections.Reflections              : Reflections took 5 ms to scan 1 urls, producing 3 keys and 10 values 
21:04:08:353  WARN 24060 --- [main] org.reflections.Reflections              : given scan urls are empty. set urls in the configuration
21:04:08:358  INFO 24060 --- [main] org.reflections.Reflections              : Reflections took 5 ms to scan 1 urls, producing 1 keys and 5 values 
21:04:08:366  INFO 24060 --- [main] org.reflections.Reflections              : Reflections took 7 ms to scan 1 urls, producing 1 keys and 7 values 
21:04:08:375  INFO 24060 --- [main] org.reflections.Reflections              : Reflections took 7 ms to scan 1 urls, producing 2 keys and 8 values 
21:04:08:377  WARN 24060 --- [main] org.reflections.Reflections              : given scan urls are empty. set urls in the configuration
21:04:08:377  INFO 24060 --- [main] com.alibaba.nacos.common.remote.client   : [18b4e027-d450-4179-8098-aa8eb388c482] RpcClient init label, labels = {module=naming, source=sdk}
21:04:08:378  INFO 24060 --- [main] com.alibaba.nacos.common.remote.client   : [18b4e027-d450-4179-8098-aa8eb388c482] RpcClient init, ServerListFactory = com.alibaba.nacos.client.naming.core.ServerListManager
21:04:08:379  INFO 24060 --- [main] com.alibaba.nacos.common.remote.client   : [18b4e027-d450-4179-8098-aa8eb388c482] Registry connection listener to current client:com.alibaba.nacos.client.naming.remote.gprc.redo.NamingGrpcRedoService
21:04:08:379  INFO 24060 --- [main] com.alibaba.nacos.common.remote.client   : [18b4e027-d450-4179-8098-aa8eb388c482] Register server push request handler:com.alibaba.nacos.client.naming.remote.gprc.NamingPushRequestHandler
21:04:08:380  INFO 24060 --- [main] com.alibaba.nacos.common.remote.client   : [18b4e027-d450-4179-8098-aa8eb388c482] Try to connect to server on start up, server: {serverIp = '127.0.0.1', server main port = 8848}
21:04:08:969  INFO 24060 --- [main] com.alibaba.nacos.common.remote.client   : [18b4e027-d450-4179-8098-aa8eb388c482] Success to connect to server [127.0.0.1:8848] on start up, connectionId = 1720530248808_172.17.0.1_34774
21:04:08:969  INFO 24060 --- [com.alibaba.nacos.client.remote.worker] com.alibaba.nacos.common.remote.client   : [18b4e027-d450-4179-8098-aa8eb388c482] Notify connected event to listeners.
21:04:08:969  INFO 24060 --- [main] com.alibaba.nacos.common.remote.client   : [18b4e027-d450-4179-8098-aa8eb388c482] Register server push request handler:com.alibaba.nacos.common.remote.client.RpcClient$ConnectResetRequestHandler
21:04:08:969  INFO 24060 --- [main] com.alibaba.nacos.common.remote.client   : [18b4e027-d450-4179-8098-aa8eb388c482] Register server push request handler:com.alibaba.nacos.common.remote.client.RpcClient$$Lambda$958/0x0000020e337346b8
21:04:08:996  INFO 24060 --- [main] o.s.b.w.embedded.tomcat.TomcatWebServer  : Tomcat started on port(s): 8081 (http) with context path ''
21:04:09:005  INFO 24060 --- [main] c.a.c.n.registry.NacosServiceRegistry    : nacos registry, DEFAULT_GROUP item-service 192.168.3.38:8081 register finished
21:04:09:103  INFO 24060 --- [main] com.robot.item.ItemServiceApplication    : Started ItemServiceApplication in 2.568 seconds (JVM running for 2.865)
21:04:09:565  INFO 24060 --- [nacos-grpc-client-executor-11] com.alibaba.nacos.common.remote.client   : [18b4e027-d450-4179-8098-aa8eb388c482] Receive server push request, request = NotifySubscriberRequest, requestId = 5
21:04:09:566  INFO 24060 --- [nacos-grpc-client-executor-11] com.alibaba.nacos.common.remote.client   : [18b4e027-d450-4179-8098-aa8eb388c482] Ack server push request, request = NotifySubscriberRequest, requestId = 5
21:04:10:723  WARN 24060 --- [Thread-4] c.a.nacos.common.notify.NotifyCenter     : [NotifyCenter] Start destroying Publisher
21:04:10:723  WARN 24060 --- [Thread-7] c.a.n.common.http.HttpClientBeanHolder   : [HttpClientBeanHolder] Start destroying common HttpClient
21:04:10:723  WARN 24060 --- [Thread-4] c.a.nacos.common.notify.NotifyCenter     : [NotifyCenter] Destruction of the end
21:04:10:723  WARN 24060 --- [Thread-7] c.a.n.common.http.HttpClientBeanHolder   : [HttpClientBeanHolder] Destruction of the end
21:04:10:745  INFO 24060 --- [SpringApplicationShutdownHook] c.a.c.n.registry.NacosServiceRegistry    : De-registering from Nacos Server now...
21:04:10:748  INFO 24060 --- [SpringApplicationShutdownHook] c.a.c.n.registry.NacosServiceRegistry    : De-registration finished.
21:04:11:261  INFO 24060 --- [nacos-grpc-client-executor-18] com.alibaba.nacos.common.remote.client   : [18b4e027-d450-4179-8098-aa8eb388c482] Receive server push request, request = NotifySubscriberRequest, requestId = 6
21:04:11:263  INFO 24060 --- [nacos-grpc-client-executor-18] com.alibaba.nacos.common.remote.client   : [18b4e027-d450-4179-8098-aa8eb388c482] Ack server push request, request = NotifySubscriberRequest, requestId = 6
21:04:11:399  INFO 24060 --- [SpringApplicationShutdownHook] com.alibaba.nacos.common.remote.client   : Shutdown rpc client, set status to shutdown
21:04:11:400  INFO 24060 --- [SpringApplicationShutdownHook] com.alibaba.nacos.common.remote.client   : Shutdown client event executor java.util.concurrent.ScheduledThreadPoolExecutor@5d1f3c00[Running, pool size = 2, active threads = 2, queued tasks = 0, completed tasks = 0]
21:04:11:400  INFO 24060 --- [SpringApplicationShutdownHook] com.alibaba.nacos.common.remote.client   : Close current connection 1720530248808_172.17.0.1_34774
21:04:11:405  INFO 24060 --- [SpringApplicationShutdownHook] c.a.n.c.remote.client.grpc.GrpcClient    : Shutdown grpc executor java.util.concurrent.ThreadPoolExecutor@5a2fd3fe[Running, pool size = 20, active threads = 1, queued tasks = 0, completed tasks = 19]
21:04:11:405  INFO 24060 --- [nacos-grpc-client-executor-19] c.a.n.c.remote.client.grpc.GrpcClient    : [1720530248808_172.17.0.1_34774]Ignore complete event,isRunning:false,isAbandon=false
